Build started 31.07.2012 14:51:17.
     1>Project "D:\gsoc\libs\ptypes-2.1.1\win32\PTypes_Test.vcxproj" on node 2 (build target(s)).
     1>InitializeBuildStatus:
         Creating ".\DLL_Debug\PTypes_Test.unsuccessfulbuild" because "AlwaysCreate" was specified.
       ClCompile:
         C:\Program Files (x86)\Microsoft Visual Studio 10.0\VC\bin\CL.exe /c /I../include /Zi /nologo /W3 /WX- /Od /Oy- /D _CONSOLE /D _DEBUG /D WIN32 /D PTYPES_DLL /D _VC80_UPGRADE=0x0600 /D _MBCS /Gm /EHsc /RTC1 /MDd /GS /fp:precise /Zc:wchar_t /Zc:forScope /Fo".\DLL_Debug/" /Fd".\DLL_Debug/vc100.pdb" /FR".\DLL_Debug\\" /Gd /TP /analyze- /errorReport:prompt ..\src\ptypes_test.cxx
         ptypes_test.cxx
       Link:
         C:\Program Files (x86)\Microsoft Visual Studio 10.0\VC\bin\link.exe /ERRORREPORT:PROMPT /OUT:".\DLL_Debug/PTypes_Test.exe" /INCREMENTAL:NO /NOLOGO ws2_32.lib kernel32.lib user32.lib gdi32.lib winspool.lib comdlg32.lib advapi32.lib shell32.lib ole32.lib oleaut32.lib uuid.lib odbc32.lib odbccp32.lib /MANIFEST /ManifestFile:".\DLL_Debug\PTypes_Test.exe.intermediate.manifest" /MANIFESTUAC:"level='asInvoker' uiAccess='false'" /DEBUG /PDB:".\DLL_Debug/PTypes_Test.pdb" /SUBSYSTEM:CONSOLE /TLBID:1 /DYNAMICBASE /NXCOMPAT /IMPLIB:".\DLL_Debug\PTypes_Test.lib" /MACHINE:X86 .\DLL_Debug/ptypes_test.obj
         "D:\gsoc\libs\ptypes-2.1.1\win32\DLL_Debug\ptypes21.lib"
     1>LINK : fatal error LNK1181: cannot open input file 'D:\gsoc\libs\ptypes-2.1.1\win32\DLL_Debug\ptypes21.lib'
     1>Done Building Project "D:\gsoc\libs\ptypes-2.1.1\win32\PTypes_Test.vcxproj" (build target(s)) -- FAILED.

Build FAILED.

Time Elapsed 00:00:00.87
