Build started 31.07.2012 14:50:57.
     1>Project "D:\gsoc\libs\ptypes-2.1.1\win32\PTypes_Lib_ST.vcxproj" on node 3 (build target(s)).
     1>InitializeBuildStatus:
         Creating ".\Debug_ST\PTypes_Lib_ST.unsuccessfulbuild" because "AlwaysCreate" was specified.
       ClCompile:
         C:\Program Files (x86)\Microsoft Visual Studio 10.0\VC\bin\CL.exe /c /I../include /Zi /nologo /W4 /WX- /Od /Oy- /D _DEBUG /D _LIB /D WIN32 /D PTYPES_ST /D _VC80_UPGRADE=0x0600 /D _MBCS /Gm /EHsc /RTC1 /MTd /GS /fp:precise /Zc:wchar_t /Zc:forScope /Fo".\Debug_ST/" /Fd".\Debug_ST/vc100.pdb" /FR".\Debug_ST\\" /Gd /TP /analyze- /errorReport:prompt ..\src\patomic.cxx ..\src\pcomponent.cxx ..\src\pcset.cxx ..\src\pcsetdbg.cxx ..\src\pexcept.cxx ..\src\pfatal.cxx ..\src\pmem.cxx ..\src\pobjlist.cxx ..\src\ppodlist.cxx ..\src\pstrcase.cxx ..\src\pstrconv.cxx ..\src\pstring.cxx ..\src\pstrlist.cxx ..\src\pstrmanip.cxx ..\src\pstrtoi.cxx ..\src\pstrutils.cxx ..\src\ptextmap.cxx ..\src\ptime.cxx ..\src\punknown.cxx ..\src\pvariant.cxx ..\src\pversion.cxx ..\src\pfdxstm.cxx ..\src\pinfile.cxx ..\src\pinfilter.cxx ..\src\pinmem.cxx ..\src\pinstm.cxx ..\src\pintee.cxx ..\src\piobase.cxx ..\src\pmd5.cxx ..\src\pnpipe.cxx ..\src\pnpserver.cxx ..\src\poutfile.cxx ..\src\poutfilter.cxx ..\src\poutmem.cxx ..\src\poutstm.cxx ..\src\ppipe.cxx ..\src\pputf.cxx ..\src\pstdio.cxx ..\src\pipbase.cxx ..\src\pipmsg.cxx ..\src\pipmsgsv.cxx ..\src\pipstm.cxx ..\src\pipstmsv.cxx ..\src\pipsvbase.cxx
         pipsvbase.cxx
         pipstmsv.cxx
         pipstm.cxx
         pipmsgsv.cxx
         pipmsg.cxx
         pipbase.cxx
     1>..\src\pipbase.cxx(215): error C2065: 'EPFNOSUPPORT' : undeclared identifier
     1>..\src\pipbase.cxx(215): error C2051: case expression not constant
     1>..\src\pipbase.cxx(224): error C2065: 'EHOSTDOWN' : undeclared identifier
     1>..\src\pipbase.cxx(224): error C2051: case expression not constant
         pstdio.cxx
         pputf.cxx
         ppipe.cxx
         poutstm.cxx
         poutmem.cxx
         poutfilter.cxx
         poutfile.cxx
         pnpserver.cxx
         pnpipe.cxx
         pmd5.cxx
         piobase.cxx
         pintee.cxx
         pinstm.cxx
         pinmem.cxx
         Generating Code...
         Compiling...
         pinfilter.cxx
         pinfile.cxx
         pfdxstm.cxx
         pversion.cxx
         pvariant.cxx
         punknown.cxx
         ptime.cxx
         ptextmap.cxx
         pstrutils.cxx
         pstrtoi.cxx
         pstrmanip.cxx
         pstrlist.cxx
         pstring.cxx
         pstrconv.cxx
         pstrcase.cxx
         ppodlist.cxx
         pobjlist.cxx
         pmem.cxx
         pfatal.cxx
         pexcept.cxx
         Generating Code...
         Compiling...
         pcsetdbg.cxx
         pcset.cxx
         pcomponent.cxx
         patomic.cxx
         Generating Code...
     1>Done Building Project "D:\gsoc\libs\ptypes-2.1.1\win32\PTypes_Lib_ST.vcxproj" (build target(s)) -- FAILED.

Build FAILED.

Time Elapsed 00:00:14.33
